{"level":"info","message":"Server is listening on port 3000","timestamp":"18:47:25"}
[object Object]
[object Object]
{
  message: 'Server is listening on port 3000',
  level: '\x1B[32minfo\x1B[39m',
  timestamp: '18:49:09'
}
{
  message: 'Server is listening on port 3000',
  level: 'info',
  timestamp: '18:49:33'
}
{
  message: 'Server is listening on port 3000',
  level: 'info',
  timestamp: '19:10:19'
}
{
  message: 'Server is listening on port 3000',
  level: 'info',
  timestamp: '19:24:58'
}
{
  message: 'Server is listening on port 3000',
  level: 'info',
  timestamp: '19:25:38'
}
{
  message: 'Server is listening on port 3000',
  level: 'info',
  timestamp: '19:26:05'
}
{
  message: 'Server is listening on port 3000',
  level: 'info',
  timestamp: '19:26:48'
}
{
  message: 'Server is listening on port 3000',
  level: 'info',
  timestamp: '19:27:13'
}
{
  message: 'Server is listening on port 3000',
  level: 'info',
  timestamp: '19:32:30'
}
{
  message: 'Server is listening on port 3000',
  level: 'info',
  timestamp: '19:35:22'
}
{
  message: 'Server is listening on port 3000',
  level: 'info',
  timestamp: '20:03:43'
}
{
  message: 'Server is listening on port 3000',
  level: 'info',
  timestamp: '20:04:12'
}
{
  message: 'Server is listening on port 3000',
  level: 'info',
  timestamp: '20:11:48'
}
{
  message: 'Server is listening on port 3000',
  level: 'info',
  timestamp: '20:18:19'
}
{
  message: 'Server is listening on port 3000',
  level: 'info',
  timestamp: '20:19:39'
}
{
  message: 'Server is listening on port 3000',
  level: 'info',
  timestamp: '20:20:16'
}
{
  message: 'Server is listening on port 3000',
  level: 'info',
  timestamp: '20:22:31'
}
{
  message: 'Server is listening on port 3000',
  level: 'info',
  timestamp: '09:52:36'
}
{
  message: 'Server is listening on port 3000',
  level: 'info',
  timestamp: '18:55:21'
}
{
  message: 'Server is listening on port 3000',
  level: 'info',
  timestamp: '19:00:00'
}
{
  message: 'Server is listening on port 3000',
  level: 'info',
  timestamp: '19:04:35'
}
{
  message: 'Server is listening on port 3000',
  level: 'info',
  timestamp: '19:05:16'
}
{
  message: 'Server is listening on port 3000',
  level: 'info',
  timestamp: '19:30:38'
}
{
  message: 'Server is listening on port 3000',
  level: 'info',
  timestamp: '19:38:33'
}
{
  message: 'Server is listening on port 3000',
  level: 'info',
  timestamp: '19:40:55'
}
{
  message: 'Server is listening on port 3000',
  level: 'info',
  timestamp: '19:43:42'
}
{
  message: 'Server is listening on port 3000',
  level: 'info',
  timestamp: '19:44:42'
}
{
  message: 'Server is listening on port 3000',
  level: 'info',
  timestamp: '19:48:12'
}
{
  message: 'Server is listening on port 3000',
  level: 'info',
  timestamp: '19:50:29'
}
{
  message: 'Server is listening on port 3000',
  level: 'info',
  timestamp: '19:54:34'
}
{
  message: 'Server is listening on port 3000',
  level: 'info',
  timestamp: '19:55:53'
}
{
  message: 'Server is listening on port 3000',
  level: 'info',
  timestamp: '19:56:59'
}
{
  message: 'Server is listening on port 3000',
  level: 'info',
  timestamp: '19:59:18'
}
{
  message: 'Server is listening on port 3000',
  level: 'info',
  timestamp: '20:00:44'
}
{
  message: 'Server is listening on port 3000',
  level: 'info',
  timestamp: '20:01:36'
}
{
  message: 'Server is listening on port 3000',
  level: 'info',
  timestamp: '20:25:09'
}
{
  message: 'Server is listening on port 3000',
  level: 'info',
  timestamp: '20:26:06'
}
{
  message: 'Server is listening on port 3000',
  level: 'info',
  timestamp: '20:28:19'
}
{
  message: 'Server is listening on port 3000',
  level: 'info',
  timestamp: '20:32:24'
}
{
  message: 'Server is listening on port 3000',
  level: 'info',
  timestamp: '20:33:56'
}
{
  message: 'Server is listening on port 3000',
  level: 'info',
  timestamp: '20:36:22'
}
{
  message: 'Server is listening on port 3000',
  level: 'info',
  timestamp: '2021-10-19T03:07:38.652Z'
}
{
  message: 'Server is listening on port 3000',
  level: 'info',
  timestamp: '2021-10-19T08:58:54.992Z'
}
