{
  message: 'Server is listening on port 3000',
  level: 'info',
  timestamp: '22-10-2021, 08:26:38'
}
{
  message: 'Successfully connected to the database',
  level: 'info',
  timestamp: '22-10-2021, 08:26:38'
}
{
  message: 'Server is listening on port 3000',
  level: 'info',
  timestamp: '22-10-2021, 08:28:38'
}
{
  message: 'Successfully connected to the database',
  level: 'info',
  timestamp: '22-10-2021, 08:28:38'
}
{
  message: 'login Successful',
  level: 'info',
  timestamp: '22-10-2021, 08:31:53'
}
{
  message: 'Server is listening on port 3000',
  level: 'info',
  timestamp: '22-10-2021, 08:34:29'
}
{
  message: 'Successfully connected to the database',
  level: 'info',
  timestamp: '22-10-2021, 08:34:29'
}
{
  message: 'login Successful',
  level: 'info',
  timestamp: '22-10-2021, 08:34:33'
}
{
  message: 'Server is listening on port 3000',
  level: 'info',
  timestamp: '22-10-2021, 08:37:10'
}
{
  message: 'Successfully connected to the database',
  level: 'info',
  timestamp: '22-10-2021, 08:37:10'
}
{
  message: 'login Successful',
  level: 'info',
  timestamp: '22-10-2021, 08:37:13'
}
{
  message: 'delete succesfully',
  level: 'info',
  timestamp: '22-10-2021, 08:43:13'
}
{
  message: 'Server is listening on port 3000',
  level: 'info',
  timestamp: '22-10-2021, 09:41:25'
}
{
  message: 'Successfully connected to the database',
  level: 'info',
  timestamp: '22-10-2021, 09:41:25'
}
{
  message: 'login Successful',
  level: 'info',
  timestamp: '22-10-2021, 09:41:50'
}
{
  message: 'Server is listening on port 3000',
  level: 'info',
  timestamp: '22-10-2021, 09:43:14'
}
{
  message: 'Successfully connected to the database',
  level: 'info',
  timestamp: '22-10-2021, 09:43:14'
}
{
  message: 'Server is listening on port 3000',
  level: 'info',
  timestamp: '22-10-2021, 09:53:10'
}
{
  message: 'Successfully connected to the database',
  level: 'info',
  timestamp: '22-10-2021, 09:53:10'
}
{
  message: 'Server is listening on port 3000',
  level: 'info',
  timestamp: '22-10-2021, 09:57:01'
}
{
  message: 'Successfully connected to the database',
  level: 'info',
  timestamp: '22-10-2021, 09:57:01'
}
{
  message: 'login Successful',
  level: 'info',
  timestamp: '22-10-2021, 09:57:36'
}
{
  message: 'Server is listening on port 3000',
  level: 'info',
  timestamp: '22-10-2021, 10:01:16'
}
{
  message: 'Successfully connected to the database',
  level: 'info',
  timestamp: '22-10-2021, 10:01:16'
}
{
  message: 'login Successful',
  level: 'info',
  timestamp: '22-10-2021, 10:01:20'
}
{
  message: 'Server is listening on port 3000',
  level: 'info',
  timestamp: '22-10-2021, 18:59:14'
}
{
  message: 'Successfully connected to the database',
  level: 'info',
  timestamp: '22-10-2021, 18:59:14'
}
{
  message: 'Server is listening on port 3000',
  level: 'info',
  timestamp: '22-10-2021, 19:00:30'
}
{
  message: 'Successfully connected to the database',
  level: 'info',
  timestamp: '22-10-2021, 19:00:30'
}
{
  message: 'login Successful',
  level: 'info',
  timestamp: '22-10-2021, 19:00:59'
}
