21:20:56 [[32minfo[39m]  Server is listening on port 3000
2021-10-08T15:51:18.583Z [[32minfo[39m]  Server is listening on port 3000
21:21:29 [[32minfo[39m]  Server is listening on port 3000
08:54:18 [[32minfo[39m]  Server is listening on port 3000
09:01:53 [[32minfo[39m]  Server is listening on port 3000
09:05:22 [[32minfo[39m]  Server is listening on port 3000
09:05:52 [[32minfo[39m]  Server is listening on port 3000
09:05:52 [[32minfo[39m]  Server is listening on port 3000
09:06:17 [[32minfo[39m]  Server is listening on port 3000
09:17:14 [[32minfo[39m]  Server is listening on port 3000
09:19:20 [[32minfo[39m]  Server is listening on port 3000
09:19:42 [[32minfo[39m]  Server is listening on port 3000
09:20:06 [[32minfo[39m]  Server is listening on port 3000
09:20:30 [[32minfo[39m]  Server is listening on port 3000
09:22:46 [[32minfo[39m]  Server is listening on port 3000
09:30:04 [[32minfo[39m]  Server is listening on port 3000
[object Object]
{
  level: '\x1B[32minfo\x1B[39m',
  message: 'Server is listening on port 3000',
  timestamp: '09:33:28'
}
{
  level: '\x1B[32minfo\x1B[39m',
  message: 'Server is listening on port 3000',
  timestamp: '09:33:49'
}
{
  level: '\x1B[32minfo\x1B[39m',
  message: 'Server is listening on port 3000',
  timestamp: '09:34:39'
}
{
  level: '\x1B[32minfo\x1B[39m',
  message: 'Server is listening on port 3000',
  timestamp: '09:35:23'
}
{
  level: '\x1B[32minfo\x1B[39m',
  message: 'Server is listening on port 3000',
  timestamp: '09:35:23'
}
[object Object]
[object Object]
[object Object]
[object Object]
